[debug] [2021-10-26T11:58:08.517Z] ----------------------------------------------------------------------
[debug] [2021-10-26T11:58:08.521Z] Command:       C:\Program Files\nodejs\node.exe C:\Users\masim\AppData\Roaming\npm\node_modules\firebase-tools\lib\bin\firebase.js init
[debug] [2021-10-26T11:58:08.522Z] CLI Version:   9.21.0
[debug] [2021-10-26T11:58:08.522Z] Platform:      win32
[debug] [2021-10-26T11:58:08.522Z] Node Version:  v14.15.5
[debug] [2021-10-26T11:58:08.524Z] Time:          Tue Oct 26 2021 16:58:08 GMT+0500 (Pakistan Standard Time)
[debug] [2021-10-26T11:58:08.524Z] ----------------------------------------------------------------------
[debug] 
[debug] [2021-10-26T11:58:08.537Z] > command requires scopes: ["email","openid","https://www.googleapis.com/auth/cloudplatformprojects.readonly","https://www.googleapis.com/auth/firebase","https://www.googleapis.com/auth/cloud-platform"]
[debug] [2021-10-26T11:58:08.537Z] > authorizing via signed-in user (masim5722@gmail.com)
[info] 
     ######## #### ########  ######## ########     ###     ######  ########
     ##        ##  ##     ## ##       ##     ##  ##   ##  ##       ##
     ######    ##  ########  ######   ########  #########  ######  ######
     ##        ##  ##    ##  ##       ##     ## ##     ##       ## ##
     ##       #### ##     ## ######## ########  ##     ##  ######  ########

You're about to initialize a Firebase project in this directory:

  D:\projects\stocks

[info] 
=== Project Setup
[info] 
[info] First, let's associate this project directory with a Firebase project.
[info] You can create multiple project aliases by running firebase use --add, 
[info] but for now we'll just set up a default project.
[info] 
[debug] [2021-10-26T11:58:29.764Z] >>> [apiv2][query] GET https://firebase.googleapis.com/v1beta1/projects pageSize=100
[debug] [2021-10-26T11:58:30.589Z] <<< [apiv2][status] GET https://firebase.googleapis.com/v1beta1/projects 200
[debug] [2021-10-26T11:58:30.589Z] <<< [apiv2][body] GET https://firebase.googleapis.com/v1beta1/projects [omitted]
[info] i  Using project stocks-assessment (Stocks) 
[info] 
=== Hosting Setup
[info] 
[info] Your public directory is the folder (relative to your project directory) that
[info] will contain Hosting assets to be uploaded with firebase deploy. If you
[info] have a build process for your assets, use your build's output directory.
[info] 
[info] +  Wrote public/404.html 
[debug] [2021-10-26T11:59:11.479Z] >>> [apiv2][query] GET https://www.gstatic.com/firebasejs/releases.json [none]
[debug] [2021-10-26T11:59:11.783Z] <<< [apiv2][status] GET https://www.gstatic.com/firebasejs/releases.json 200
[debug] [2021-10-26T11:59:11.784Z] <<< [apiv2][body] GET https://www.gstatic.com/firebasejs/releases.json {"current":{"version":"9.1.3","browserURL":"https://www.gstatic.com/firebasejs/9.1.3/firebase.js","packageURL":"https://www.gstatic.com/firebasejs/9.1.3/firebase.tgz"},"live":{"version":"9.1","browserURL":"https://www.gstatic.com/firebasejs/live/9.1/firebase.js","packageURL":"https://www.gstatic.com/firebasejs/live/9.1/firebase.tgz"},"components":{"analytics":"https://www.gstatic.com/firebasejs/9.1.3/firebase-analytics.js","app":"https://www.gstatic.com/firebasejs/9.1.3/firebase-app.js","app-check":"https://www.gstatic.com/firebasejs/9.1.3/firebase-app-check.js","auth":"https://www.gstatic.com/firebasejs/9.1.3/firebase-auth.js","auth/cordova":"https://www.gstatic.com/firebasejs/9.1.3/firebase-auth/cordova.js","auth/react-native":"https://www.gstatic.com/firebasejs/9.1.3/firebase-auth/react-native.js","functions":"https://www.gstatic.com/firebasejs/9.1.3/firebase-functions.js","firestore":"https://www.gstatic.com/firebasejs/9.1.3/firebase-firestore.js","firestore/lite":"https://www.gstatic.com/firebasejs/9.1.3/firebase-firestore/lite.js","storage":"https://www.gstatic.com/firebasejs/9.1.3/firebase-storage.js","performance":"https://www.gstatic.com/firebasejs/9.1.3/firebase-performance.js","remote-config":"https://www.gstatic.com/firebasejs/9.1.3/firebase-remote-config.js","messaging":"https://www.gstatic.com/firebasejs/9.1.3/firebase-messaging.js","messaging/sw":"https://www.gstatic.com/firebasejs/9.1.3/firebase-messaging/sw.js","database":"https://www.gstatic.com/firebasejs/9.1.3/firebase-database.js","firestore.memory":"https://www.gstatic.com/firebasejs/9.1.3/firebase-firestore.memory.js"}}
[info] +  Wrote public/index.html 
[info] 
[info] i  Detected a .git folder at D:\projects\stocks 
[info] i  Authorizing with GitHub to upload your service account to a GitHub repository's secrets store. 
[info] 
[info] Visit this URL on this device to log in:
[info] https://github.com/login/oauth/authorize?client_id=89cf50f02ac6aaed3484&state=539735275&redirect_uri=http%3A%2F%2Flocalhost%3A9005&scope=read%3Auser%20repo%20public_repo
[info] 
[info] Waiting for authentication...
[debug] [2021-10-26T11:59:13.097Z] >>> HTTP REQUEST POST https://github.com/login/oauth/access_token  
 {"client_id":"89cf50f02ac6aaed3484","client_secret":"3330d14abc895d9a74d5f17cd7a00711fa2c5bf0","code":"519fae039c607482ccc4","redirect_uri":"http://localhost:9005","state":"539735275"}
[debug] [2021-10-26T11:59:15.350Z] <<< HTTP RESPONSE 200 {"server":"GitHub.com","date":"Tue, 26 Oct 2021 11:59:14 GMT","content-type":"application/json; charset=utf-8","transfer-encoding":"chunked","vary":"X-PJAX, X-PJAX-Container, Accept-Encoding, Accept, X-Requested-With","permissions-policy":"interest-cohort=()","etag":"W/\"7f106235185d940cd7e88d20f42495c7\"","cache-control":"max-age=0, private, must-revalidate","strict-transport-security":"max-age=31536000; includeSubdomains; preload","x-frame-options":"deny","x-content-type-options":"nosniff","x-xss-protection":"0","referrer-policy":"origin-when-cross-origin, strict-origin-when-cross-origin","expect-ct":"max-age=2592000, report-uri=\"https://api.github.com/_private/browser/errors\"","content-security-policy":"default-src 'none'; base-uri 'self'; block-all-mixed-content; child-src github.com/assets-cdn/worker/ gist.github.com/assets-cdn/worker/; connect-src 'self' uploads.github.com objects-origin.githubusercontent.com www.githubstatus.com collector.githubapp.com api.github.com github-cloud.s3.amazonaws.com github-production-repository-file-5c1aeb.s3.amazonaws.com github-production-upload-manifest-file-7fdce7.s3.amazonaws.com github-production-user-asset-6210df.s3.amazonaws.com cdn.optimizely.com logx.optimizely.com/v1/events translator.github.com wss://alive.github.com; font-src github.githubassets.com; form-action 'self' github.com gist.github.com objects-origin.githubusercontent.com; frame-ancestors 'none'; frame-src render.githubusercontent.com viewscreen.githubusercontent.com notebooks.githubusercontent.com; img-src 'self' data: github.githubassets.com identicons.github.com collector.githubapp.com github-cloud.s3.amazonaws.com secured-user-images.githubusercontent.com/ *.githubusercontent.com; manifest-src 'self'; media-src github.com user-images.githubusercontent.com/; script-src github.githubassets.com; style-src 'unsafe-inline' github.githubassets.com; worker-src github.com/assets-cdn/worker/ gist.github.com/assets-cdn/worker/","x-github-request-id":"94CD:5D54:A9D8C:BB553:6177ED90"}
[debug] [2021-10-26T11:59:15.354Z] >>> [apiv2][query] GET https://api.github.com/user [none]
[debug] [2021-10-26T11:59:15.969Z] <<< [apiv2][status] GET https://api.github.com/user 200
[debug] [2021-10-26T11:59:15.969Z] <<< [apiv2][body] GET https://api.github.com/user {"login":"masim5722","id":19261500,"node_id":"MDQ6VXNlcjE5MjYxNTAw","avatar_url":"https://avatars.githubusercontent.com/u/19261500?v=4","gravatar_id":"","url":"https://api.github.com/users/masim5722","html_url":"https://github.com/masim5722","followers_url":"https://api.github.com/users/masim5722/followers","following_url":"https://api.github.com/users/masim5722/following{/other_user}","gists_url":"https://api.github.com/users/masim5722/gists{/gist_id}","starred_url":"https://api.github.com/users/masim5722/starred{/owner}{/repo}","subscriptions_url":"https://api.github.com/users/masim5722/subscriptions","organizations_url":"https://api.github.com/users/masim5722/orgs","repos_url":"https://api.github.com/users/masim5722/repos","events_url":"https://api.github.com/users/masim5722/events{/privacy}","received_events_url":"https://api.github.com/users/masim5722/received_events","type":"User","site_admin":false,"name":"Muhammad Asim","company":"ibex.","blog":"https://www.linkedin.com/in/masim5722","location":"Lahore","email":null,"hireable":null,"bio":"I'm a full-stack web application developer and designer with 8+ years of experience in this field.","twitter_username":null,"public_repos":7,"public_gists":0,"followers":0,"following":0,"created_at":"2016-05-09T07:25:17Z","updated_at":"2021-10-24T09:07:55Z","private_gists":0,"total_private_repos":4,"owned_private_repos":4,"disk_usage":88115,"collaborators":1,"two_factor_authentication":false,"plan":{"name":"free","space":976562499,"collaborators":0,"private_repos":10000}}
[info] 
[info] +  Success! Logged into GitHub as masim5722 
[info] 
[debug] [2021-10-26T11:59:33.624Z] >>> [apiv2][query] GET https://api.github.com/repos/stocks-app/actions/secrets/public-key type=owner
[debug] [2021-10-26T11:59:34.926Z] <<< [apiv2][status] GET https://api.github.com/repos/stocks-app/actions/secrets/public-key 404
[debug] [2021-10-26T11:59:34.927Z] <<< [apiv2][body] GET https://api.github.com/repos/stocks-app/actions/secrets/public-key {"message":"Not Found","documentation_url":"https://docs.github.com/rest"}
[debug] [2021-10-26T11:59:40.600Z] >>> [apiv2][query] GET https://api.github.com/repos/stock_app/actions/secrets/public-key type=owner
[debug] [2021-10-26T11:59:41.048Z] <<< [apiv2][status] GET https://api.github.com/repos/stock_app/actions/secrets/public-key 404
[debug] [2021-10-26T11:59:41.049Z] <<< [apiv2][body] GET https://api.github.com/repos/stock_app/actions/secrets/public-key {"message":"Not Found","documentation_url":"https://docs.github.com/rest"}
